<?xml version="1.0" encoding="UTF-8"?>
<testsuite xmlns:xsi="http://www.w3.org/2001/XMLSchema-instance" xsi:noNamespaceSchemaLocation="https://maven.apache.org/surefire/maven-surefire-plugin/xsd/surefire-test-report.xsd" name="org.shaw.myhadoop.AppTest" time="0.065" tests="1" errors="0" skipped="0" failures="0">
  <properties>
    <property name="gopherProxySet" value="false"/>
    <property name="awt.toolkit" value="sun.lwawt.macosx.LWCToolkit"/>
    <property name="file.encoding.pkg" value="sun.io"/>
    <property name="java.specification.version" value="1.8"/>
    <property name="sun.cpu.isalist" value=""/>
    <property name="sun.jnu.encoding" value="UTF-8"/>
    <property name="java.class.path" value="/Users/shaw/Desktop/jiuzhang_bigdata/myHadoop/target/test-classes:/Users/shaw/Desktop/jiuzhang_bigdata/myHadoop/target/classes:/Users/shaw/.m2/repository/junit/junit/4.11/junit-4.11.jar:/Users/shaw/.m2/repository/org/hamcrest/hamcrest-core/1.3/hamcrest-core-1.3.jar:/Users/shaw/.m2/repository/org/apache/hadoop/hadoop-mapreduce-client-core/2.2.0/hadoop-mapreduce-client-core-2.2.0.jar:/Users/shaw/.m2/repository/org/apache/hadoop/hadoop-yarn-common/2.2.0/hadoop-yarn-common-2.2.0.jar:/Users/shaw/.m2/repository/log4j/log4j/1.2.17/log4j-1.2.17.jar:/Users/shaw/.m2/repository/org/apache/hadoop/hadoop-yarn-api/2.2.0/hadoop-yarn-api-2.2.0.jar:/Users/shaw/.m2/repository/com/google/inject/guice/3.0/guice-3.0.jar:/Users/shaw/.m2/repository/javax/inject/javax.inject/1/javax.inject-1.jar:/Users/shaw/.m2/repository/aopalliance/aopalliance/1.0/aopalliance-1.0.jar:/Users/shaw/.m2/repository/com/sun/jersey/jersey-test-framework/jersey-test-framework-grizzly2/1.9/jersey-test-framework-grizzly2-1.9.jar:/Users/shaw/.m2/repository/com/sun/jersey/jersey-test-framework/jersey-test-framework-core/1.9/jersey-test-framework-core-1.9.jar:/Users/shaw/.m2/repository/javax/servlet/javax.servlet-api/3.0.1/javax.servlet-api-3.0.1.jar:/Users/shaw/.m2/repository/com/sun/jersey/jersey-client/1.9/jersey-client-1.9.jar:/Users/shaw/.m2/repository/com/sun/jersey/jersey-grizzly2/1.9/jersey-grizzly2-1.9.jar:/Users/shaw/.m2/repository/org/glassfish/grizzly/grizzly-http/2.1.2/grizzly-http-2.1.2.jar:/Users/shaw/.m2/repository/org/glassfish/grizzly/grizzly-framework/2.1.2/grizzly-framework-2.1.2.jar:/Users/shaw/.m2/repository/org/glassfish/gmbal/gmbal-api-only/3.0.0-b023/gmbal-api-only-3.0.0-b023.jar:/Users/shaw/.m2/repository/org/glassfish/external/management-api/3.0.0-b012/management-api-3.0.0-b012.jar:/Users/shaw/.m2/repository/org/glassfish/grizzly/grizzly-http-server/2.1.2/grizzly-http-server-2.1.2.jar:/Users/shaw/.m2/repository/org/glassfish/grizzly/grizzly-rcm/2.1.2/grizzly-rcm-2.1.2.jar:/Users/shaw/.m2/repository/org/glassfish/grizzly/grizzly-http-servlet/2.1.2/grizzly-http-servlet-2.1.2.jar:/Users/shaw/.m2/repository/org/glassfish/javax.servlet/3.1/javax.servlet-3.1.jar:/Users/shaw/.m2/repository/com/sun/jersey/contribs/jersey-guice/1.9/jersey-guice-1.9.jar:/Users/shaw/.m2/repository/com/google/protobuf/protobuf-java/2.5.0/protobuf-java-2.5.0.jar:/Users/shaw/.m2/repository/org/apache/avro/avro/1.7.4/avro-1.7.4.jar:/Users/shaw/.m2/repository/org/codehaus/jackson/jackson-core-asl/1.8.8/jackson-core-asl-1.8.8.jar:/Users/shaw/.m2/repository/com/thoughtworks/paranamer/paranamer/2.3/paranamer-2.3.jar:/Users/shaw/.m2/repository/org/xerial/snappy/snappy-java/1.0.4.1/snappy-java-1.0.4.1.jar:/Users/shaw/.m2/repository/org/apache/commons/commons-compress/1.4.1/commons-compress-1.4.1.jar:/Users/shaw/.m2/repository/org/tukaani/xz/1.0/xz-1.0.jar:/Users/shaw/.m2/repository/org/slf4j/slf4j-api/1.7.5/slf4j-api-1.7.5.jar:/Users/shaw/.m2/repository/org/slf4j/slf4j-log4j12/1.7.5/slf4j-log4j12-1.7.5.jar:/Users/shaw/.m2/repository/org/apache/hadoop/hadoop-annotations/2.2.0/hadoop-annotations-2.2.0.jar:/Users/shaw/.m2/repository/com/google/inject/extensions/guice-servlet/3.0/guice-servlet-3.0.jar:/Users/shaw/.m2/repository/io/netty/netty/3.6.2.Final/netty-3.6.2.Final.jar:/Users/shaw/.m2/repository/org/apache/hadoop/hadoop-core/1.2.1/hadoop-core-1.2.1.jar:/Users/shaw/.m2/repository/commons-cli/commons-cli/1.2/commons-cli-1.2.jar:/Users/shaw/.m2/repository/xmlenc/xmlenc/0.52/xmlenc-0.52.jar:/Users/shaw/.m2/repository/com/sun/jersey/jersey-core/1.8/jersey-core-1.8.jar:/Users/shaw/.m2/repository/com/sun/jersey/jersey-json/1.8/jersey-json-1.8.jar:/Users/shaw/.m2/repository/org/codehaus/jettison/jettison/1.1/jettison-1.1.jar:/Users/shaw/.m2/repository/stax/stax-api/1.0.1/stax-api-1.0.1.jar:/Users/shaw/.m2/repository/com/sun/xml/bind/jaxb-impl/2.2.3-1/jaxb-impl-2.2.3-1.jar:/Users/shaw/.m2/repository/javax/xml/bind/jaxb-api/2.2.2/jaxb-api-2.2.2.jar:/Users/shaw/.m2/repository/javax/xml/stream/stax-api/1.0-2/stax-api-1.0-2.jar:/Users/shaw/.m2/repository/javax/activation/activation/1.1/activation-1.1.jar:/Users/shaw/.m2/repository/org/codehaus/jackson/jackson-jaxrs/1.7.1/jackson-jaxrs-1.7.1.jar:/Users/shaw/.m2/repository/org/codehaus/jackson/jackson-xc/1.7.1/jackson-xc-1.7.1.jar:/Users/shaw/.m2/repository/com/sun/jersey/jersey-server/1.8/jersey-server-1.8.jar:/Users/shaw/.m2/repository/asm/asm/3.1/asm-3.1.jar:/Users/shaw/.m2/repository/commons-io/commons-io/2.1/commons-io-2.1.jar:/Users/shaw/.m2/repository/commons-httpclient/commons-httpclient/3.0.1/commons-httpclient-3.0.1.jar:/Users/shaw/.m2/repository/commons-logging/commons-logging/1.0.3/commons-logging-1.0.3.jar:/Users/shaw/.m2/repository/commons-codec/commons-codec/1.4/commons-codec-1.4.jar:/Users/shaw/.m2/repository/org/apache/commons/commons-math/2.1/commons-math-2.1.jar:/Users/shaw/.m2/repository/commons-configuration/commons-configuration/1.6/commons-configuration-1.6.jar:/Users/shaw/.m2/repository/commons-collections/commons-collections/3.2.1/commons-collections-3.2.1.jar:/Users/shaw/.m2/repository/commons-lang/commons-lang/2.4/commons-lang-2.4.jar:/Users/shaw/.m2/repository/commons-digester/commons-digester/1.8/commons-digester-1.8.jar:/Users/shaw/.m2/repository/commons-beanutils/commons-beanutils/1.7.0/commons-beanutils-1.7.0.jar:/Users/shaw/.m2/repository/commons-beanutils/commons-beanutils-core/1.8.0/commons-beanutils-core-1.8.0.jar:/Users/shaw/.m2/repository/commons-net/commons-net/1.4.1/commons-net-1.4.1.jar:/Users/shaw/.m2/repository/org/mortbay/jetty/jetty/6.1.26/jetty-6.1.26.jar:/Users/shaw/.m2/repository/org/mortbay/jetty/servlet-api/2.5-20081211/servlet-api-2.5-20081211.jar:/Users/shaw/.m2/repository/org/mortbay/jetty/jetty-util/6.1.26/jetty-util-6.1.26.jar:/Users/shaw/.m2/repository/tomcat/jasper-runtime/5.5.12/jasper-runtime-5.5.12.jar:/Users/shaw/.m2/repository/tomcat/jasper-compiler/5.5.12/jasper-compiler-5.5.12.jar:/Users/shaw/.m2/repository/org/mortbay/jetty/jsp-api-2.1/6.1.14/jsp-api-2.1-6.1.14.jar:/Users/shaw/.m2/repository/org/mortbay/jetty/servlet-api-2.5/6.1.14/servlet-api-2.5-6.1.14.jar:/Users/shaw/.m2/repository/org/mortbay/jetty/jsp-2.1/6.1.14/jsp-2.1-6.1.14.jar:/Users/shaw/.m2/repository/ant/ant/1.6.5/ant-1.6.5.jar:/Users/shaw/.m2/repository/commons-el/commons-el/1.0/commons-el-1.0.jar:/Users/shaw/.m2/repository/net/java/dev/jets3t/jets3t/0.6.1/jets3t-0.6.1.jar:/Users/shaw/.m2/repository/hsqldb/hsqldb/1.8.0.10/hsqldb-1.8.0.10.jar:/Users/shaw/.m2/repository/oro/oro/2.0.8/oro-2.0.8.jar:/Users/shaw/.m2/repository/org/eclipse/jdt/core/3.1.1/core-3.1.1.jar:/Users/shaw/.m2/repository/org/codehaus/jackson/jackson-mapper-asl/1.8.8/jackson-mapper-asl-1.8.8.jar:"/>
    <property name="java.vm.vendor" value="Oracle Corporation"/>
    <property name="sun.arch.data.model" value="64"/>
    <property name="java.vendor.url" value="http://java.oracle.com/"/>
    <property name="user.timezone" value=""/>
    <property name="java.vm.specification.version" value="1.8"/>
    <property name="os.name" value="Mac OS X"/>
    <property name="user.country" value="CN"/>
    <property name="sun.java.launcher" value="SUN_STANDARD"/>
    <property name="sun.boot.library.path" value="/Library/Java/JavaVirtualMachines/jdk1.8.0_161.jdk/Contents/Home/jre/lib"/>
    <property name="sun.java.command" value="/Users/shaw/Desktop/jiuzhang_bigdata/myHadoop/target/surefire/surefirebooter4053764411841795941.jar /Users/shaw/Desktop/jiuzhang_bigdata/myHadoop/target/surefire 2018-04-11T20-45-41_166-jvmRun1 surefire3480885057769003764tmp surefire_01889216834511146521tmp"/>
    <property name="surefire.test.class.path" value="/Users/shaw/Desktop/jiuzhang_bigdata/myHadoop/target/test-classes:/Users/shaw/Desktop/jiuzhang_bigdata/myHadoop/target/classes:/Users/shaw/.m2/repository/junit/junit/4.11/junit-4.11.jar:/Users/shaw/.m2/repository/org/hamcrest/hamcrest-core/1.3/hamcrest-core-1.3.jar:/Users/shaw/.m2/repository/org/apache/hadoop/hadoop-mapreduce-client-core/2.2.0/hadoop-mapreduce-client-core-2.2.0.jar:/Users/shaw/.m2/repository/org/apache/hadoop/hadoop-yarn-common/2.2.0/hadoop-yarn-common-2.2.0.jar:/Users/shaw/.m2/repository/log4j/log4j/1.2.17/log4j-1.2.17.jar:/Users/shaw/.m2/repository/org/apache/hadoop/hadoop-yarn-api/2.2.0/hadoop-yarn-api-2.2.0.jar:/Users/shaw/.m2/repository/com/google/inject/guice/3.0/guice-3.0.jar:/Users/shaw/.m2/repository/javax/inject/javax.inject/1/javax.inject-1.jar:/Users/shaw/.m2/repository/aopalliance/aopalliance/1.0/aopalliance-1.0.jar:/Users/shaw/.m2/repository/com/sun/jersey/jersey-test-framework/jersey-test-framework-grizzly2/1.9/jersey-test-framework-grizzly2-1.9.jar:/Users/shaw/.m2/repository/com/sun/jersey/jersey-test-framework/jersey-test-framework-core/1.9/jersey-test-framework-core-1.9.jar:/Users/shaw/.m2/repository/javax/servlet/javax.servlet-api/3.0.1/javax.servlet-api-3.0.1.jar:/Users/shaw/.m2/repository/com/sun/jersey/jersey-client/1.9/jersey-client-1.9.jar:/Users/shaw/.m2/repository/com/sun/jersey/jersey-grizzly2/1.9/jersey-grizzly2-1.9.jar:/Users/shaw/.m2/repository/org/glassfish/grizzly/grizzly-http/2.1.2/grizzly-http-2.1.2.jar:/Users/shaw/.m2/repository/org/glassfish/grizzly/grizzly-framework/2.1.2/grizzly-framework-2.1.2.jar:/Users/shaw/.m2/repository/org/glassfish/gmbal/gmbal-api-only/3.0.0-b023/gmbal-api-only-3.0.0-b023.jar:/Users/shaw/.m2/repository/org/glassfish/external/management-api/3.0.0-b012/management-api-3.0.0-b012.jar:/Users/shaw/.m2/repository/org/glassfish/grizzly/grizzly-http-server/2.1.2/grizzly-http-server-2.1.2.jar:/Users/shaw/.m2/repository/org/glassfish/grizzly/grizzly-rcm/2.1.2/grizzly-rcm-2.1.2.jar:/Users/shaw/.m2/repository/org/glassfish/grizzly/grizzly-http-servlet/2.1.2/grizzly-http-servlet-2.1.2.jar:/Users/shaw/.m2/repository/org/glassfish/javax.servlet/3.1/javax.servlet-3.1.jar:/Users/shaw/.m2/repository/com/sun/jersey/contribs/jersey-guice/1.9/jersey-guice-1.9.jar:/Users/shaw/.m2/repository/com/google/protobuf/protobuf-java/2.5.0/protobuf-java-2.5.0.jar:/Users/shaw/.m2/repository/org/apache/avro/avro/1.7.4/avro-1.7.4.jar:/Users/shaw/.m2/repository/org/codehaus/jackson/jackson-core-asl/1.8.8/jackson-core-asl-1.8.8.jar:/Users/shaw/.m2/repository/com/thoughtworks/paranamer/paranamer/2.3/paranamer-2.3.jar:/Users/shaw/.m2/repository/org/xerial/snappy/snappy-java/1.0.4.1/snappy-java-1.0.4.1.jar:/Users/shaw/.m2/repository/org/apache/commons/commons-compress/1.4.1/commons-compress-1.4.1.jar:/Users/shaw/.m2/repository/org/tukaani/xz/1.0/xz-1.0.jar:/Users/shaw/.m2/repository/org/slf4j/slf4j-api/1.7.5/slf4j-api-1.7.5.jar:/Users/shaw/.m2/repository/org/slf4j/slf4j-log4j12/1.7.5/slf4j-log4j12-1.7.5.jar:/Users/shaw/.m2/repository/org/apache/hadoop/hadoop-annotations/2.2.0/hadoop-annotations-2.2.0.jar:/Users/shaw/.m2/repository/com/google/inject/extensions/guice-servlet/3.0/guice-servlet-3.0.jar:/Users/shaw/.m2/repository/io/netty/netty/3.6.2.Final/netty-3.6.2.Final.jar:/Users/shaw/.m2/repository/org/apache/hadoop/hadoop-core/1.2.1/hadoop-core-1.2.1.jar:/Users/shaw/.m2/repository/commons-cli/commons-cli/1.2/commons-cli-1.2.jar:/Users/shaw/.m2/repository/xmlenc/xmlenc/0.52/xmlenc-0.52.jar:/Users/shaw/.m2/repository/com/sun/jersey/jersey-core/1.8/jersey-core-1.8.jar:/Users/shaw/.m2/repository/com/sun/jersey/jersey-json/1.8/jersey-json-1.8.jar:/Users/shaw/.m2/repository/org/codehaus/jettison/jettison/1.1/jettison-1.1.jar:/Users/shaw/.m2/repository/stax/stax-api/1.0.1/stax-api-1.0.1.jar:/Users/shaw/.m2/repository/com/sun/xml/bind/jaxb-impl/2.2.3-1/jaxb-impl-2.2.3-1.jar:/Users/shaw/.m2/repository/javax/xml/bind/jaxb-api/2.2.2/jaxb-api-2.2.2.jar:/Users/shaw/.m2/repository/javax/xml/stream/stax-api/1.0-2/stax-api-1.0-2.jar:/Users/shaw/.m2/repository/javax/activation/activation/1.1/activation-1.1.jar:/Users/shaw/.m2/repository/org/codehaus/jackson/jackson-jaxrs/1.7.1/jackson-jaxrs-1.7.1.jar:/Users/shaw/.m2/repository/org/codehaus/jackson/jackson-xc/1.7.1/jackson-xc-1.7.1.jar:/Users/shaw/.m2/repository/com/sun/jersey/jersey-server/1.8/jersey-server-1.8.jar:/Users/shaw/.m2/repository/asm/asm/3.1/asm-3.1.jar:/Users/shaw/.m2/repository/commons-io/commons-io/2.1/commons-io-2.1.jar:/Users/shaw/.m2/repository/commons-httpclient/commons-httpclient/3.0.1/commons-httpclient-3.0.1.jar:/Users/shaw/.m2/repository/commons-logging/commons-logging/1.0.3/commons-logging-1.0.3.jar:/Users/shaw/.m2/repository/commons-codec/commons-codec/1.4/commons-codec-1.4.jar:/Users/shaw/.m2/repository/org/apache/commons/commons-math/2.1/commons-math-2.1.jar:/Users/shaw/.m2/repository/commons-configuration/commons-configuration/1.6/commons-configuration-1.6.jar:/Users/shaw/.m2/repository/commons-collections/commons-collections/3.2.1/commons-collections-3.2.1.jar:/Users/shaw/.m2/repository/commons-lang/commons-lang/2.4/commons-lang-2.4.jar:/Users/shaw/.m2/repository/commons-digester/commons-digester/1.8/commons-digester-1.8.jar:/Users/shaw/.m2/repository/commons-beanutils/commons-beanutils/1.7.0/commons-beanutils-1.7.0.jar:/Users/shaw/.m2/repository/commons-beanutils/commons-beanutils-core/1.8.0/commons-beanutils-core-1.8.0.jar:/Users/shaw/.m2/repository/commons-net/commons-net/1.4.1/commons-net-1.4.1.jar:/Users/shaw/.m2/repository/org/mortbay/jetty/jetty/6.1.26/jetty-6.1.26.jar:/Users/shaw/.m2/repository/org/mortbay/jetty/servlet-api/2.5-20081211/servlet-api-2.5-20081211.jar:/Users/shaw/.m2/repository/org/mortbay/jetty/jetty-util/6.1.26/jetty-util-6.1.26.jar:/Users/shaw/.m2/repository/tomcat/jasper-runtime/5.5.12/jasper-runtime-5.5.12.jar:/Users/shaw/.m2/repository/tomcat/jasper-compiler/5.5.12/jasper-compiler-5.5.12.jar:/Users/shaw/.m2/repository/org/mortbay/jetty/jsp-api-2.1/6.1.14/jsp-api-2.1-6.1.14.jar:/Users/shaw/.m2/repository/org/mortbay/jetty/servlet-api-2.5/6.1.14/servlet-api-2.5-6.1.14.jar:/Users/shaw/.m2/repository/org/mortbay/jetty/jsp-2.1/6.1.14/jsp-2.1-6.1.14.jar:/Users/shaw/.m2/repository/ant/ant/1.6.5/ant-1.6.5.jar:/Users/shaw/.m2/repository/commons-el/commons-el/1.0/commons-el-1.0.jar:/Users/shaw/.m2/repository/net/java/dev/jets3t/jets3t/0.6.1/jets3t-0.6.1.jar:/Users/shaw/.m2/repository/hsqldb/hsqldb/1.8.0.10/hsqldb-1.8.0.10.jar:/Users/shaw/.m2/repository/oro/oro/2.0.8/oro-2.0.8.jar:/Users/shaw/.m2/repository/org/eclipse/jdt/core/3.1.1/core-3.1.1.jar:/Users/shaw/.m2/repository/org/codehaus/jackson/jackson-mapper-asl/1.8.8/jackson-mapper-asl-1.8.8.jar:"/>
    <property name="sun.cpu.endian" value="little"/>
    <property name="user.home" value="/Users/shaw"/>
    <property name="user.language" value="en"/>
    <property name="java.specification.vendor" value="Oracle Corporation"/>
    <property name="java.home" value="/Library/Java/JavaVirtualMachines/jdk1.8.0_161.jdk/Contents/Home/jre"/>
    <property name="basedir" value="/Users/shaw/Desktop/jiuzhang_bigdata/myHadoop"/>
    <property name="file.separator" value="/"/>
    <property name="line.separator" value="&#10;"/>
    <property name="java.vm.specification.vendor" value="Oracle Corporation"/>
    <property name="java.specification.name" value="Java Platform API Specification"/>
    <property name="java.awt.graphicsenv" value="sun.awt.CGraphicsEnvironment"/>
    <property name="surefire.real.class.path" value="/Users/shaw/Desktop/jiuzhang_bigdata/myHadoop/target/surefire/surefirebooter4053764411841795941.jar"/>
    <property name="sun.boot.class.path" value="/Library/Java/JavaVirtualMachines/jdk1.8.0_161.jdk/Contents/Home/jre/lib/resources.jar:/Library/Java/JavaVirtualMachines/jdk1.8.0_161.jdk/Contents/Home/jre/lib/rt.jar:/Library/Java/JavaVirtualMachines/jdk1.8.0_161.jdk/Contents/Home/jre/lib/sunrsasign.jar:/Library/Java/JavaVirtualMachines/jdk1.8.0_161.jdk/Contents/Home/jre/lib/jsse.jar:/Library/Java/JavaVirtualMachines/jdk1.8.0_161.jdk/Contents/Home/jre/lib/jce.jar:/Library/Java/JavaVirtualMachines/jdk1.8.0_161.jdk/Contents/Home/jre/lib/charsets.jar:/Library/Java/JavaVirtualMachines/jdk1.8.0_161.jdk/Contents/Home/jre/lib/jfr.jar:/Library/Java/JavaVirtualMachines/jdk1.8.0_161.jdk/Contents/Home/jre/classes"/>
    <property name="sun.management.compiler" value="HotSpot 64-Bit Tiered Compilers"/>
    <property name="java.runtime.version" value="1.8.0_161-b12"/>
    <property name="user.name" value="shaw"/>
    <property name="path.separator" value=":"/>
    <property name="os.version" value="10.12.6"/>
    <property name="java.endorsed.dirs" value="/Library/Java/JavaVirtualMachines/jdk1.8.0_161.jdk/Contents/Home/jre/lib/endorsed"/>
    <property name="java.runtime.name" value="Java(TM) SE Runtime Environment"/>
    <property name="file.encoding" value="UTF-8"/>
    <property name="java.vm.name" value="Java HotSpot(TM) 64-Bit Server VM"/>
    <property name="localRepository" value="/Users/shaw/.m2/repository"/>
    <property name="java.vendor.url.bug" value="http://bugreport.sun.com/bugreport/"/>
    <property name="java.io.tmpdir" value="/var/folders/jb/y4j_v9nj4yn646fcjp81wkwm0000gn/T/"/>
    <property name="java.version" value="1.8.0_161"/>
    <property name="user.dir" value="/Users/shaw/Desktop/jiuzhang_bigdata/myHadoop"/>
    <property name="os.arch" value="x86_64"/>
    <property name="java.vm.specification.name" value="Java Virtual Machine Specification"/>
    <property name="java.awt.printerjob" value="sun.lwawt.macosx.CPrinterJob"/>
    <property name="sun.os.patch.level" value="unknown"/>
    <property name="java.library.path" value="/Users/shaw/Library/Java/Extensions:/Library/Java/Extensions:/Network/Library/Java/Extensions:/System/Library/Java/Extensions:/usr/lib/java:."/>
    <property name="java.vm.info" value="mixed mode"/>
    <property name="java.vendor" value="Oracle Corporation"/>
    <property name="java.vm.version" value="25.161-b12"/>
    <property name="java.ext.dirs" value="/Users/shaw/Library/Java/Extensions:/Library/Java/JavaVirtualMachines/jdk1.8.0_161.jdk/Contents/Home/jre/lib/ext:/Library/Java/Extensions:/Network/Library/Java/Extensions:/System/Library/Java/Extensions:/usr/lib/java"/>
    <property name="sun.io.unicode.encoding" value="UnicodeBig"/>
    <property name="java.class.version" value="52.0"/>
  </properties>
  <testcase name="shouldAnswerWithTrue" classname="org.shaw.myhadoop.AppTest" time="0.002"/>
</testsuite>